[0.007s] Invoking command in '/home/zenyn/WaypointExecutive/build/waypoint_executive': CMAKE_PREFIX_PATH=${CMAKE_PREFIX_PATH}:/opt/ros/jazzy /usr/bin/cmake /home/zenyn/WaypointExecutive -DCMAKE_INSTALL_PREFIX=/home/zenyn/WaypointExecutive/install/waypoint_executive
[0.097s] -- The C compiler identification is GNU 13.3.0
[0.166s] -- The CXX compiler identification is GNU 13.3.0
[0.186s] -- Detecting C compiler ABI info
[0.298s] -- Detecting C compiler ABI info - done
[0.312s] -- Check for working C compiler: /usr/bin/cc - skipped
[0.312s] -- Detecting C compile features
[0.313s] -- Detecting C compile features - done
[0.328s] -- Detecting CXX compiler ABI info
[0.457s] -- Detecting CXX compiler ABI info - done
[0.463s] -- Check for working CXX compiler: /usr/bin/c++ - skipped
[0.464s] -- Detecting CXX compile features
[0.464s] -- Detecting CXX compile features - done
[0.467s] -- Found ament_cmake: 2.5.3 (/opt/ros/jazzy/share/ament_cmake/cmake)
[0.605s] -- Found Python3: /usr/bin/python3 (found version "3.12.3") found components: Interpreter 
[0.691s] -- Found rclcpp: 28.1.8 (/opt/ros/jazzy/share/rclcpp/cmake)
[0.721s] -- Found rosidl_generator_c: 4.6.5 (/opt/ros/jazzy/share/rosidl_generator_c/cmake)
[0.729s] -- Found rosidl_generator_cpp: 4.6.5 (/opt/ros/jazzy/share/rosidl_generator_cpp/cmake)
[0.739s] -- Using all available rosidl_typesupport_c: rosidl_typesupport_fastrtps_c;rosidl_typesupport_introspection_c
[0.751s] -- Using all available rosidl_typesupport_cpp: rosidl_typesupport_fastrtps_cpp;rosidl_typesupport_introspection_cpp
[0.802s] -- Found rmw_implementation_cmake: 7.3.2 (/opt/ros/jazzy/share/rmw_implementation_cmake/cmake)
[0.804s] -- Found rmw_fastrtps_cpp: 8.4.2 (/opt/ros/jazzy/share/rmw_fastrtps_cpp/cmake)
[0.892s] -- Found OpenSSL: /usr/lib/x86_64-linux-gnu/libcrypto.so (found version "3.0.13")  
[0.914s] -- Found FastRTPS: /opt/ros/jazzy/include (Required is at least version "2.13") 
[0.944s] -- Using RMW implementation 'rmw_fastrtps_cpp' as default
[1.003s] -- Found std_msgs: 5.3.6 (/opt/ros/jazzy/share/std_msgs/cmake)
[1.014s] -- Found geometry_msgs: 5.3.6 (/opt/ros/jazzy/share/geometry_msgs/cmake)
[1.028s] -- Found ament_lint_auto: 0.17.2 (/opt/ros/jazzy/share/ament_lint_auto/cmake)
[1.111s] -- Added test 'copyright' to check source files copyright and LICENSE
[1.114s] -- Added test 'cppcheck' to perform static code analysis on C / C++ code
[1.115s] -- Configured cppcheck include dirs: /home/zenyn/WaypointExecutive/src;/home/zenyn/WaypointExecutive/src/JSON_Parser
[1.115s] -- Configured cppcheck exclude dirs and/or files: 
[1.118s] -- Added test 'cpplint' to check C / C++ code against the Google style
[1.118s] -- Configured cpplint exclude dirs and/or files: 
[1.119s] -- Added test 'flake8' to check Python code syntax and style conventions
[1.119s] -- Configured 'flake8' exclude dirs and/or files: 
[1.120s] -- Added test 'lint_cmake' to check CMake code style
[1.122s] -- Added test 'pep257' to check Python code against some of the docstring style conventions in PEP 257
[1.129s] -- Added test 'uncrustify' to check C / C++ code style
[1.129s] -- Configured uncrustify additional arguments: 
[1.131s] -- Added test 'xmllint' to check XML markup files
[1.133s] -- Configuring done (1.1s)
[1.137s] [31mCMake Error at CMakeLists.txt:18 (add_executable):
[1.137s]   Cannot find source file:
[1.137s] 
[1.137s]     src/JSON_Parser/MissionAnalyser.cpp
[1.137s] 
[1.137s]   Tried extensions .c .C .c++ .cc .cpp .cxx .cu .mpp .m .M .mm .ixx .cppm
[1.137s]   .ccm .cxxm .c++m .h .hh .h++ .hm .hpp .hxx .in .txx .f .F .for .f77 .f90
[1.137s]   .f95 .f03 .hip .ispc
[1.137s] 
[1.137s] [0m
[1.140s] [31mCMake Error at CMakeLists.txt:18 (add_executable):
[1.140s]   No SOURCES given to target: waypoint_executive
[1.140s] 
[1.140s] [0m
[1.140s] [0mCMake Generate step failed.  Build files cannot be regenerated correctly.[0m
[1.149s] Invoked command in '/home/zenyn/WaypointExecutive/build/waypoint_executive' returned '1': CMAKE_PREFIX_PATH=${CMAKE_PREFIX_PATH}:/opt/ros/jazzy /usr/bin/cmake /home/zenyn/WaypointExecutive -DCMAKE_INSTALL_PREFIX=/home/zenyn/WaypointExecutive/install/waypoint_executive
